2024-03-06 15:39:30|   0.0|  0.0|INFORM|Current FME version: FME 2022.2.6.0 (20230523 - Build 22800 - WIN64)
2024-03-06 15:39:30|   0.0|  0.0|INFORM|FME_HOME is 'C:\Program Files\FME\'
2024-03-06 15:39:30|   0.0|  0.0|INFORM|FME Database Edition (floating)
2024-03-06 15:39:30|   0.0|  0.0|INFORM|Temporary License: 117 days left.
2024-03-06 15:39:30|   0.0|  0.0|INFORM|Machine host name is: C46398
2024-03-06 15:39:30|   0.0|  0.0|INFORM|OS Locale Name     : fr_CA
2024-03-06 15:39:30|   0.0|  0.0|INFORM|OS Locale Encoding : windows-1252
2024-03-06 15:39:30|   0.0|  0.0|INFORM|Process Encoding   : UTF-8
2024-03-06 15:39:30|   0.0|  0.0|INFORM|FME API version: '4.0 20220615'
2024-03-06 15:39:30|   0.0|  0.0|INFORM|FME Configuration: FME_BASE is 'no'
2024-03-06 15:39:30|   0.0|  0.0|INFORM|FME Configuration: FME_MF_DIR is 'D:\Marco\TP1_MALevesque\TP2 - EHD MAL\Fichiers TP2\Fichier FME/'
2024-03-06 15:39:30|   0.0|  0.0|INFORM|FME Configuration: FME_MF_NAME is 'TP2 - EHD MAL.fmw'
2024-03-06 15:39:30|   0.0|  0.0|INFORM|FME Configuration: FME_PRODUCT_NAME is 'FME(R) 2022.2.6.0'
2024-03-06 15:39:30|   0.0|  0.0|INFORM|Operating System: Microsoft Windows 10 64-bit  (Build 19045)
2024-03-06 15:39:30|   0.0|  0.0|INFORM|FME Platform: WIN64
2024-03-06 15:39:30|   0.0|  0.0|INFORM|System Status: 564.87 GB of disk space available in the FME temporary folder (C:\Users\aj791100\AppData\Local\Temp\wbrun_1709757536970_22868\fmetmp_0)
2024-03-06 15:39:30|   0.0|  0.0|INFORM|System Status: 31.80 GB of physical memory available
2024-03-06 15:39:30|   0.0|  0.0|INFORM|System Status: 127.20 GB of virtual memory available
2024-03-06 15:39:30|   0.0|  0.0|INFORM|START - ProcessID: 22208, peak process memory usage: 71984 kB, current process memory usage: 71984 kB
2024-03-06 15:39:30|   0.0|  0.0|INFORM|FME Configuration: Command line arguments are `C:\Program Files\FME\fme.exe' `D:/Marco/TP1_MALevesque/TP2 - EHD MAL/Fichiers TP2/Fichier FME\wb-xlate-1709757567876_22868' `LOG_STANDARDOUT' `YES' `LOG_TIMINGS' `YES' `LogCountServerName' `57102' `LOG_STANDARDOUT' `No' `WORKBENCH_LOG_SERVER' `57094'
2024-03-06 15:39:30|   0.0|  0.0|INFORM|FME Configuration: Connection Storage: 'C:\Users\aj791100\AppData\Roaming\Safe Software\FME\'
2024-03-06 15:39:30|   0.0|  0.0|INFORM|Shared folders for formats are : C:\Program Files\FME\datasources;C:\Users\aj791100\Documents\FME\Formats
2024-03-06 15:39:30|   0.0|  0.0|INFORM|Shared folders for transformers are : C:\Users\aj791100\AppData\Roaming\Safe Software\FME\Packages\22800-win64\transformers;C:\Program Files\FME\transformers
2024-03-06 15:39:30|   0.0|  0.0|INFORM|Shared folders for coordinate systems are : C:\Users\aj791100\Documents\FME\CoordinateSystems
2024-03-06 15:39:30|   0.0|  0.0|INFORM|Shared folders for coordinate system exceptions are : C:\Users\aj791100\Documents\FME\CoordinateSystemExceptions
2024-03-06 15:39:30|   0.0|  0.0|INFORM|Shared folders for coordinate system grid overrides are : C:\Users\aj791100\Documents\FME\CoordinateSystemGridOverrides
2024-03-06 15:39:30|   0.0|  0.0|INFORM|Shared folders for CS-MAP transformation exceptions are : C:\Users\aj791100\Documents\FME\CsmapTransformationExceptions
2024-03-06 15:39:30|   0.0|  0.0|INFORM|Shared folders for transformer categories are : C:\Users\aj791100\Documents\FME\TransformerCategories
2024-03-06 15:39:30|   0.0|  0.0|INFORM|FME Configuration: Reader Keyword is `MULTI_READER'
2024-03-06 15:39:30|   0.0|  0.0|INFORM|FME Configuration: Writer Keyword is `MULTI_WRITER'
2024-03-06 15:39:30|   0.0|  0.0|INFORM|FME Configuration: Writer Group Definition Keyword is `MULTI_WRITER_DEF'
2024-03-06 15:39:30|   0.0|  0.0|INFORM|FME Configuration: Reader type is `MULTI_READER'
2024-03-06 15:39:30|   0.0|  0.0|INFORM|FME Configuration: Writer type is `MULTI_WRITER'
2024-03-06 15:39:30|   0.0|  0.0|INFORM|FME Configuration: No destination coordinate system set
2024-03-06 15:39:30|   0.0|  0.0|INFORM|FME Configuration: Current working folder is `D:\Marco\TP1_MALevesque\TP2 - EHD MAL\Fichiers TP2\Fichier FME'
2024-03-06 15:39:30|   0.0|  0.0|INFORM|FME Configuration: Temporary folder is `C:\Users\aj791100\AppData\Local\Temp\wbrun_1709757536970_22868\fmetmp_0', set from environment variable `FME_TEMP'
2024-03-06 15:39:30|   0.0|  0.0|INFORM|FME Configuration: Cache folder is 'C:\Users\aj791100\AppData\Local\Temp'
2024-03-06 15:39:30|   0.0|  0.0|INFORM|FME Configuration: FME_HOME is `C:\Program Files\FME\'
2024-03-06 15:39:30|   0.0|  0.0|INFORM|FME Configuration: Start freeing memory when the process exceeds 95.40 GB
2024-03-06 15:39:30|   0.0|  0.0|INFORM|FME Configuration: Stop freeing memory when the process is below 71.55 GB
2024-03-06 15:39:30|   0.0|  0.0|INFORM|Creating writer for format: 
2024-03-06 15:39:30|   0.0|  0.0|INFORM|Creating reader for format: 
2024-03-06 15:39:30|   0.0|  0.0|INFORM|MULTI_READER(MULTI_READER): Will continue past member reader failures
2024-03-06 15:39:30|   0.0|  0.0|INFORM|MULTI_READER(MULTI_READER): Adding GEOJSON Reader with keyword GEOJSON_1
2024-03-06 15:39:30|   0.0|  0.0|INFORM|MULTI_READER(MULTI_READER): Adding GEOJSON Reader with keyword GEOJSON_5
2024-03-06 15:39:30|   0.0|  0.0|INFORM|MULTI_READER(MULTI_READER): Adding SHAPEFILE Reader with keyword SHAPEFILE_1
2024-03-06 15:39:30|   0.0|  0.0|INFORM|MULTI_READER(MULTI_READER): Adding SHAPEFILE Reader with keyword SHAPEFILE_2
2024-03-06 15:39:30|   0.0|  0.0|INFORM|Using Multi Reader with keyword `MULTI_READER' to read multiple datasets
2024-03-06 15:39:30|   0.0|  0.0|INFORM|The workspace does not contain user Python. FME will attempt to use a Python 3.10+ interpreter
2024-03-06 15:39:30|   0.0|  0.0|INFORM|Using Python interpreter from `C:\Program Files\FME\fmepython310\python310.dll' with PYTHONHOME `C:\Program Files\FME\fmepython310'
2024-03-06 15:39:30|   0.0|  0.0|INFORM|Python version 3.10 loaded successfully
2024-03-06 15:39:30|   0.1|  0.1|INFORM|Potentially retrieving dataset 'https://donnees.montreal.ca/dataset/584de76b-13b9-47ea-af12-0c37b8eb5de5/resource/7c521d09-7e84-4759-856e-b5a04b95330a/download/comptages_vehicules_cyclistes_pietons.geojson' for reader GEOJSON_1
2024-03-06 15:39:37|   1.2|  1.1|INFORM|Retrieved file C:\Users\aj791100\AppData\Local\Temp\wbrun_1709757536970_22868\fmetmp_0\TempFS_1709757570393_22208\comptages_vehicules_cyclistes_pietons.geojson for reader GEOJSON_1
2024-03-06 15:39:37|   1.2|  0.0|INFORM|Creating reader for format: GeoJSON (Geographic JavaScript Object Notation)
2024-03-06 15:39:37|   1.2|  0.0|INFORM|Trying to find a DYNAMIC plugin for reader named `GEOJSON'
2024-03-06 15:39:37|   1.2|  0.0|INFORM|Loaded module 'GEOJSON' from file 'C:\Program Files\FME\plugins/JSON.dll'
2024-03-06 15:39:37|   1.2|  0.0|INFORM|FME API version of module 'JSON' matches current internal version (4.0 20220615)
2024-03-06 15:39:37|   1.2|  0.0|INFORM|Opening the GEOJSON reader with source dataset 'C:\Users\aj791100\AppData\Local\Temp\wbrun_1709757536970_22868\fmetmp_0\TempFS_1709757570393_22208\comptages_vehicules_cyclistes_pietons.geojson'
2024-03-06 15:39:37|   1.2|  0.0|INFORM|Using MultiWriter with keyword `MULTI_WRITER' to output data (ID_ATTRIBUTE is `multi_writer_id')
2024-03-06 15:39:37|   1.2|  0.0|INFORM|Writer output will be ordered by value of multi_writer_id
2024-03-06 15:39:37|   1.2|  0.0|INFORM|Loaded module 'LogCount_func' from file 'C:\Program Files\FME\plugins/LogCount_func.dll'
2024-03-06 15:39:37|   1.2|  0.0|INFORM|FME API version of module 'LogCount_func' matches current internal version (4.0 20220615)
2024-03-06 15:39:37|   1.2|  0.0|INFORM|FME Configuration: Using FME Reprojection Engine
2024-03-06 15:39:37|   1.2|  0.0|INFORM|Loaded module 'StatisticsCalculatorFactory' from file 'C:\Program Files\FME\plugins/StatisticsCalculatorFactory.dll'
2024-03-06 15:39:37|   1.2|  0.0|INFORM|FME API version of module 'StatisticsCalculatorFactory' matches current internal version (4.0 20220615)
2024-03-06 15:39:37|   1.2|  0.0|INFORM|StatisticsCalculator (StatisticsCalculatorFactory): The following statistics will be calculated 'de_o.sum,vers_n.sum,vers_o.sum,vers_e.sum,vers_s.sum,de_e.sum,de_n.sum,de_s.sum'
2024-03-06 15:39:37|   1.2|  0.0|INFORM|Loaded module 'DuplicateRemoverFactory' from file 'C:\Program Files\FME\plugins/DuplicateRemoverFactory.dll'
2024-03-06 15:39:37|   1.2|  0.0|INFORM|FME API version of module 'DuplicateRemoverFactory' matches current internal version (4.0 20220615)
2024-03-06 15:39:38|   2.1|  0.9|INFORM|GeoJSON Reader: 25000 features created
2024-03-06 15:39:39|   3.0|  0.9|INFORM|GeoJSON Reader: 50000 features created
2024-03-06 15:39:40|   3.7|  0.7|INFORM|GeoJSON Reader: 75000 features created
2024-03-06 15:39:40|   4.5|  0.8|INFORM|GeoJSON Reader: 100000 features created
2024-03-06 15:39:41|   5.3|  0.8|INFORM|GeoJSON Reader: 125000 features created
2024-03-06 15:39:42|   6.0|  0.7|INFORM|GeoJSON Reader: 150000 features created
2024-03-06 15:39:43|   6.9|  0.9|INFORM|GeoJSON Reader: 175000 features created
2024-03-06 15:39:44|   7.6|  0.7|INFORM|GeoJSON Reader: 200000 features created
2024-03-06 15:39:44|   8.4|  0.8|INFORM|GeoJSON Reader: 225000 features created
2024-03-06 15:39:45|   9.2|  0.8|INFORM|GeoJSON Reader: 250000 features created
2024-03-06 15:39:46|  10.0|  0.8|INFORM|GeoJSON Reader: 275000 features created
2024-03-06 15:39:46|  10.5|  0.5|INFORM|FME Configuration: Source coordinate system for reader GEOJSON_1[GEOJSON] set to `LL84' as read from input data
2024-03-06 15:39:46|  10.5|  0.0|INFORM|Coordinate System `LL84' parameters: CS_NAME=`LL84' DESC_NM=`WGS84 datum, Latitude-Longitude; Degrees' DT_NAME=`WGS84' EPSG_QD=`-1' GROUP=`LL' MAP_SCL=`1' MAX_LAT=`90' MAX_LNG=`182' MIN_LAT=`-90' MIN_LNG=`-182' PROJ=`LL' QUAD=`1' SCL_RED=`1' SOURCE=`Mentor Software' UNIT=`DEGREE'
2024-03-06 15:39:46|  10.5|  0.0|INFORM|CS-MAP Reprojector: Transformation will be automatically selected for 'LL84' -> 'EPSG:32188', and is not guaranteed to remain the same in future releases of FME
2024-03-06 15:39:46|  10.5|  0.0|INFORM|Reprojector: Using transformation `NAD83_to_WGS84,Inverse(Null,EPSG:1188)' when reprojecting from LL84 to EPSG:32188
2024-03-06 15:39:48|  11.4|  0.9|INFORM|Reading source feature # 2500
2024-03-06 15:39:48|  12.2|  0.8|INFORM|Reading source feature # 5000
2024-03-06 15:39:49|  12.9|  0.7|INFORM|Reading source feature # 7500
2024-03-06 15:39:50|  13.7|  0.8|INFORM|Reading source feature # 10000
2024-03-06 15:39:51|  14.5|  0.8|INFORM|Reading source feature # 12500
2024-03-06 15:39:52|  15.2|  0.7|INFORM|Reading source feature # 15000
2024-03-06 15:39:52|  16.1|  0.9|INFORM|Reading source feature # 17500
2024-03-06 15:39:53|  16.8|  0.7|INFORM|Reading source feature # 20000
2024-03-06 15:39:54|  17.6|  0.8|INFORM|Reading source feature # 22500
2024-03-06 15:39:55|  18.3|  0.7|INFORM|Reading source feature # 25000
2024-03-06 15:39:55|  19.1|  0.8|INFORM|Reading source feature # 27500
2024-03-06 15:39:56|  19.8|  0.7|INFORM|Reading source feature # 30000
2024-03-06 15:39:57|  20.6|  0.8|INFORM|Reading source feature # 32500
2024-03-06 15:39:58|  21.3|  0.7|INFORM|Reading source feature # 35000
2024-03-06 15:39:58|  22.1|  0.8|INFORM|Reading source feature # 37500
2024-03-06 15:39:59|  22.8|  0.7|INFORM|Reading source feature # 40000
2024-03-06 15:40:00|  23.6|  0.8|INFORM|Reading source feature # 42500
2024-03-06 15:40:01|  24.4|  0.8|INFORM|Reading source feature # 45000
2024-03-06 15:40:01|  25.2|  0.8|INFORM|Reading source feature # 47500
2024-03-06 15:40:02|  26.0|  0.8|INFORM|Reading source feature # 50000
2024-03-06 15:40:03|  26.7|  0.7|INFORM|Reading source feature # 52500
2024-03-06 15:40:04|  27.4|  0.7|INFORM|Reading source feature # 55000
2024-03-06 15:40:05|  28.2|  0.8|INFORM|Reading source feature # 57500
2024-03-06 15:40:05|  29.0|  0.8|INFORM|Reading source feature # 60000
2024-03-06 15:40:06|  29.8|  0.8|INFORM|Reading source feature # 62500
2024-03-06 15:40:07|  30.5|  0.7|INFORM|Reading source feature # 65000
2024-03-06 15:40:08|  31.4|  0.9|INFORM|Reading source feature # 67500
2024-03-06 15:40:08|  32.2|  0.8|INFORM|Reading source feature # 70000
2024-03-06 15:40:09|  32.9|  0.7|INFORM|Reading source feature # 72500
2024-03-06 15:40:10|  33.7|  0.8|INFORM|Reading source feature # 75000
2024-03-06 15:40:11|  34.5|  0.8|INFORM|Reading source feature # 77500
2024-03-06 15:40:12|  35.2|  0.7|INFORM|Reading source feature # 80000
2024-03-06 15:40:12|  36.1|  0.9|INFORM|Reading source feature # 82500
2024-03-06 15:40:13|  36.8|  0.7|INFORM|Reading source feature # 85000
2024-03-06 15:40:14|  37.5|  0.7|INFORM|Reading source feature # 87500
2024-03-06 15:40:15|  38.3|  0.8|INFORM|Reading source feature # 90000
2024-03-06 15:40:15|  39.2|  0.9|INFORM|Reading source feature # 92500
2024-03-06 15:40:16|  39.9|  0.7|INFORM|Reading source feature # 95000
2024-03-06 15:40:17|  40.7|  0.8|INFORM|Reading source feature # 97500
2024-03-06 15:40:18|  41.5|  0.8|INFORM|Reading source feature # 100000
2024-03-06 15:40:19|  42.2|  0.7|INFORM|Reading source feature # 102500
2024-03-06 15:40:19|  43.0|  0.8|INFORM|Reading source feature # 105000
2024-03-06 15:40:20|  43.8|  0.8|INFORM|Reading source feature # 107500
2024-03-06 15:40:21|  44.6|  0.8|INFORM|Reading source feature # 110000
2024-03-06 15:40:22|  45.4|  0.8|INFORM|Reading source feature # 112500
2024-03-06 15:40:22|  46.2|  0.8|INFORM|Reading source feature # 115000
2024-03-06 15:40:23|  46.9|  0.7|INFORM|Reading source feature # 117500
2024-03-06 15:40:24|  47.6|  0.7|INFORM|Reading source feature # 120000
2024-03-06 15:40:25|  48.5|  0.9|INFORM|Reading source feature # 122500
2024-03-06 15:40:26|  49.2|  0.7|INFORM|Reading source feature # 125000
2024-03-06 15:40:26|  50.0|  0.8|INFORM|Reading source feature # 127500
2024-03-06 15:40:27|  50.8|  0.8|INFORM|Reading source feature # 130000
2024-03-06 15:40:28|  51.6|  0.8|INFORM|Reading source feature # 132500
2024-03-06 15:40:29|  52.3|  0.7|INFORM|Reading source feature # 135000
2024-03-06 15:40:30|  53.1|  0.8|INFORM|Reading source feature # 137500
2024-03-06 15:40:30|  53.9|  0.8|INFORM|Reading source feature # 140000
2024-03-06 15:40:31|  54.6|  0.7|INFORM|Reading source feature # 142500
2024-03-06 15:40:32|  55.4|  0.8|INFORM|Reading source feature # 145000
2024-03-06 15:40:33|  56.3|  0.9|INFORM|Reading source feature # 147500
2024-03-06 15:40:34|  57.0|  0.7|INFORM|Reading source feature # 150000
2024-03-06 15:40:34|  57.8|  0.8|INFORM|Reading source feature # 152500
2024-03-06 15:40:35|  58.6|  0.8|INFORM|Reading source feature # 155000
2024-03-06 15:40:36|  59.3|  0.7|INFORM|Reading source feature # 157500
2024-03-06 15:40:37|  60.1|  0.8|INFORM|Reading source feature # 160000
2024-03-06 15:40:37|  60.9|  0.8|INFORM|Reading source feature # 162500
2024-03-06 15:40:38|  61.7|  0.8|INFORM|Reading source feature # 165000
2024-03-06 15:40:39|  62.4|  0.7|INFORM|Reading source feature # 167500
2024-03-06 15:40:40|  63.2|  0.8|INFORM|Reading source feature # 170000
2024-03-06 15:40:41|  64.0|  0.8|INFORM|Reading source feature # 172500
2024-03-06 15:40:41|  64.7|  0.7|INFORM|Reading source feature # 175000
2024-03-06 15:40:42|  65.5|  0.8|INFORM|Reading source feature # 177500
2024-03-06 15:40:43|  66.2|  0.7|INFORM|Reading source feature # 180000
2024-03-06 15:40:44|  67.1|  0.9|INFORM|Reading source feature # 182500
2024-03-06 15:40:44|  67.8|  0.7|INFORM|Reading source feature # 185000
2024-03-06 15:40:45|  68.6|  0.8|INFORM|Reading source feature # 187500
2024-03-06 15:40:46|  69.3|  0.7|INFORM|Reading source feature # 190000
2024-03-06 15:40:47|  70.2|  0.9|INFORM|Reading source feature # 192500
2024-03-06 15:40:47|  70.9|  0.7|INFORM|Reading source feature # 195000
2024-03-06 15:40:48|  71.7|  0.8|INFORM|Reading source feature # 197500
2024-03-06 15:40:49|  72.4|  0.7|INFORM|Reading source feature # 200000
2024-03-06 15:40:50|  73.3|  0.9|INFORM|Reading source feature # 202500
2024-03-06 15:40:51|  74.1|  0.8|INFORM|Reading source feature # 205000
2024-03-06 15:40:51|  74.8|  0.7|INFORM|Reading source feature # 207500
2024-03-06 15:40:52|  75.6|  0.8|INFORM|Reading source feature # 210000
2024-03-06 15:40:53|  76.4|  0.8|INFORM|Reading source feature # 212500
2024-03-06 15:40:54|  77.1|  0.7|INFORM|Reading source feature # 215000
2024-03-06 15:40:55|  78.0|  0.9|INFORM|Reading source feature # 217500
2024-03-06 15:40:55|  78.8|  0.8|INFORM|Reading source feature # 220000
2024-03-06 15:40:56|  79.6|  0.8|INFORM|Reading source feature # 222500
2024-03-06 15:40:57|  80.4|  0.8|INFORM|Reading source feature # 225000
2024-03-06 15:40:58|  81.2|  0.8|INFORM|Reading source feature # 227500
2024-03-06 15:40:59|  82.1|  0.9|INFORM|Reading source feature # 230000
2024-03-06 15:40:59|  82.8|  0.7|INFORM|Reading source feature # 232500
2024-03-06 15:41:00|  83.6|  0.8|INFORM|Reading source feature # 235000
2024-03-06 15:41:01|  84.3|  0.7|INFORM|Reading source feature # 237500
2024-03-06 15:41:02|  85.1|  0.8|INFORM|Reading source feature # 240000
2024-03-06 15:41:03|  85.9|  0.8|INFORM|Reading source feature # 242500
2024-03-06 15:41:03|  86.7|  0.8|INFORM|Reading source feature # 245000
2024-03-06 15:41:04|  87.5|  0.8|INFORM|Reading source feature # 247500
2024-03-06 15:41:05|  88.3|  0.8|INFORM|Reading source feature # 250000
2024-03-06 15:41:06|  89.2|  0.9|INFORM|Reading source feature # 252500
2024-03-06 15:41:07|  90.0|  0.8|INFORM|Reading source feature # 255000
2024-03-06 15:41:07|  90.8|  0.8|INFORM|Reading source feature # 257500
2024-03-06 15:41:08|  91.6|  0.8|INFORM|Reading source feature # 260000
2024-03-06 15:41:09|  92.4|  0.8|INFORM|Reading source feature # 262500
2024-03-06 15:41:10|  93.1|  0.7|INFORM|Reading source feature # 265000
2024-03-06 15:41:11|  94.0|  0.9|INFORM|Reading source feature # 267500
2024-03-06 15:41:12|  94.8|  0.8|INFORM|Reading source feature # 270000
2024-03-06 15:41:13|  95.6|  0.8|INFORM|Reading source feature # 272500
2024-03-06 15:41:13|  96.4|  0.8|INFORM|Reading source feature # 275000
2024-03-06 15:41:14|  97.3|  0.9|INFORM|Reading source feature # 277500
2024-03-06 15:41:15|  98.1|  0.8|INFORM|Reading source feature # 280000
2024-03-06 15:41:16|  99.0|  0.9|INFORM|Reading source feature # 282500
2024-03-06 15:41:17|  99.7|  0.7|INFORM|Reading source feature # 285000
2024-03-06 15:41:18| 100.6|  0.9|INFORM|Reading source feature # 287500
2024-03-06 15:41:18| 101.4|  0.8|INFORM|Reading source feature # 290000
2024-03-06 15:41:18| 101.5|  0.1|INFORM|Closing the GEOJSON reader
2024-03-06 15:41:19| 101.6|  0.1|INFORM|Potentially retrieving dataset 'https://donnees.montreal.ca/dataset/b628f1da-9dc3-4bb1-9875-1470f891afb1/resource/92cb062a-11be-4222-9ea5-867e7e64c5ff/download/limites-terrestres.geojson' for reader GEOJSON_5
2024-03-06 15:41:20| 101.7|  0.1|INFORM|Retrieved file C:\Users\aj791100\AppData\Local\Temp\wbrun_1709757536970_22868\fmetmp_0\TempFS_1709757570393_22208\limites-terrestres.geojson for reader GEOJSON_5
2024-03-06 15:41:20| 101.7|  0.0|INFORM|Creating reader for format: GeoJSON (Geographic JavaScript Object Notation)
2024-03-06 15:41:20| 101.7|  0.0|INFORM|Trying to find a DYNAMIC plugin for reader named `GEOJSON'
2024-03-06 15:41:20| 101.7|  0.0|INFORM|Opening the GEOJSON reader with source dataset 'C:\Users\aj791100\AppData\Local\Temp\wbrun_1709757536970_22868\fmetmp_0\TempFS_1709757570393_22208\limites-terrestres.geojson'
2024-03-06 15:41:20| 101.8|  0.1|INFORM|FME Configuration: Source coordinate system for reader GEOJSON_5[GEOJSON] set to `LL84' as read from input data
2024-03-06 15:41:20| 101.8|  0.0|INFORM|Coordinate System `LL84' parameters: CS_NAME=`LL84' DESC_NM=`WGS84 datum, Latitude-Longitude; Degrees' DT_NAME=`WGS84' EPSG_QD=`-1' GROUP=`LL' MAP_SCL=`1' MAX_LAT=`90' MAX_LNG=`182' MIN_LAT=`-90' MIN_LNG=`-182' PROJ=`LL' QUAD=`1' SCL_RED=`1' SOURCE=`Mentor Software' UNIT=`DEGREE'
2024-03-06 15:41:20| 101.8|  0.0|INFORM|CS-MAP Reprojector: Transformation will be automatically selected for 'EPSG:32188' -> 'EPSG:3857', and is not guaranteed to remain the same in future releases of FME
2024-03-06 15:41:20| 101.8|  0.0|INFORM|Reprojector: Using transformation `NAD83_to_WGS84,Forward(Null,EPSG:1188)' when reprojecting from EPSG:32188 to EPSG:3857
2024-03-06 15:41:20| 101.8|  0.0|INFORM|Reprojector: Using transformation `WGS84_SPHERICAL_to_WGS84_FME,Inverse(Null)' when reprojecting from EPSG:32188 to EPSG:3857
2024-03-06 15:41:20| 102.0|  0.2|INFORM|Closing the GEOJSON reader
2024-03-06 15:41:20| 102.0|  0.0|INFORM|Potentially retrieving dataset 'https://donnees.montreal.ca/dataset/ead1ac6f-f37c-4326-a9b9-4508d94bbc45/resource/73d4571c-fd7a-465a-aa19-05c3b24222cc/download/hydrographie-2020.zip' for reader SHAPEFILE_1
2024-03-06 15:41:22| 102.1|  0.1|INFORM|Retrieved file C:\Users\aj791100\AppData\Local\Temp\wbrun_1709757536970_22868\fmetmp_0\TempFS_1709757570393_22208\hydrographie-2020.zip for reader SHAPEFILE_1
2024-03-06 15:41:22| 102.3|  0.2|INFORM|FME Configuration: Reading 13 dataset(s) with SHAPEFILE reader identified by SHAPEFILE_1
2024-03-06 15:41:22| 102.3|  0.0|INFORM|Creating reader for format: Esri Shapefile
2024-03-06 15:41:22| 102.3|  0.0|INFORM|MULTI_READER(SHAPEFILE_1): Will continue past member reader failures
2024-03-06 15:41:22| 102.3|  0.0|INFORM|MULTI_READER(SHAPEFILE_1): Adding SHAPEFILE Reader with keyword SHAPEFILE_1
2024-03-06 15:41:22| 102.3|  0.0|INFORM|Using Multi Reader with keyword `SHAPEFILE_1' to read multiple datasets
2024-03-06 15:41:22| 102.3|  0.0|INFORM|Creating reader for format: Esri Shapefile
2024-03-06 15:41:22| 102.3|  0.0|INFORM|Trying to find a DYNAMIC plugin for reader named `SHAPEFILE'
2024-03-06 15:41:22| 102.3|  0.0|INFORM|Loaded module 'SHAPEFILE' from file 'C:\Program Files\FME\plugins/shapefile_dbase.dll'
2024-03-06 15:41:22| 102.3|  0.0|INFORM|FME API version of module 'shapefile_dbase' matches current internal version (4.0 20220615)
2024-03-06 15:41:22| 102.3|  0.0|INFORM|SHAPEFILE reader: Opening dataset 'C:\Users\aj791100\AppData\Local\Temp\wbrun_1709757536970_22868\fmetmp_0\TempFS_1709757570393_22208\dsSHAPEFILE_1_3\hydrographie-2020.zip_0\CARTO_DRA_BASSIN.shp'
2024-03-06 15:41:22| 102.3|  0.0|INFORM|The OGC definition of the FME coordinate system 'CSRS.MTM-8' is 'PROJCS["NAD_1983_CRS98_MTM_8",GEOGCS["GCS_North_American_1983_CSRS98",DATUM["D_North_American_1983_CSRS98",SPHEROID["GRS_1980",6378137.0,298.257222101]],PRIMEM["Greenwich",0.0],UNIT["Degree",0.0174532925199433]],PROJECTION["Transverse_Mercator"],PARAMETER["False_Easting",304800.0],PARAMETER["False_Northing",0.0],PARAMETER["Central_Meridian",-73.5],PARAMETER["Scale_Factor",0.9999],PARAMETER["Latitude_Of_Origin",0.0],UNIT["Meter",1.0]]'
2024-03-06 15:41:22| 102.3|  0.0|INFORM|Shapefile reader: Reading dataset with encoding 'UTF-8' as determined by 'Codepage File'
2024-03-06 15:41:22| 102.3|  0.0|INFORM|FME Configuration: Source coordinate system for reader SHAPEFILE_1[SHAPEFILE] set to `CSRS.MTM-8' as read from input data
2024-03-06 15:41:22| 102.3|  0.0|INFORM|Coordinate System `CSRS.MTM-8' parameters: CS_NAME=`CSRS.MTM-8' DESC_NM=`NAD83(CSRS) / MTM zone 8' DT_NAME=`CSRS' EPSG_QD=`1' GROUP=`CANADA' MAP_SCL=`1' MAX_LAT=`62.559999999999995' MAX_LNG=`-72' MIN_LAT=`44.99' MIN_LNG=`-75' PARM1=`-73.5' PROJ=`TM' QUAD=`1' SCL_RED=`0.9999' SOURCE=`EPSG, V6.11.2, 2950 [Topographic Mapping Section; Quebec Min]' UNIT=`Meter' X_OFF=`304800' ZERO_X=`0.001' ZERO_Y=`0.001'
2024-03-06 15:41:22| 102.3|  0.0|INFORM|Router and Unexpected Input Remover: Splitting bulk features into individual features
2024-03-06 15:41:22| 102.3|  0.0|INFORM|Creating reader for format: Esri Shapefile
2024-03-06 15:41:22| 102.3|  0.0|INFORM|Trying to find a DYNAMIC plugin for reader named `SHAPEFILE'
2024-03-06 15:41:22| 102.3|  0.0|INFORM|SHAPEFILE reader: Opening dataset 'C:\Users\aj791100\AppData\Local\Temp\wbrun_1709757536970_22868\fmetmp_0\TempFS_1709757570393_22208\dsSHAPEFILE_1_3\hydrographie-2020.zip_0\CARTO_DRA_EAU_CENTRE.shp'
2024-03-06 15:41:22| 102.3|  0.0|INFORM|Shapefile reader: Reading dataset with encoding 'UTF-8' as determined by 'Codepage File'
2024-03-06 15:41:22| 102.3|  0.0|INFORM|FME Configuration: Source coordinate system for reader SHAPEFILE_1[SHAPEFILE] set to `CSRS.MTM-8' as read from input data
2024-03-06 15:41:22| 102.3|  0.0|INFORM|Coordinate System `CSRS.MTM-8' parameters: CS_NAME=`CSRS.MTM-8' DESC_NM=`NAD83(CSRS) / MTM zone 8' DT_NAME=`CSRS' EPSG_QD=`1' GROUP=`CANADA' MAP_SCL=`1' MAX_LAT=`62.559999999999995' MAX_LNG=`-72' MIN_LAT=`44.99' MIN_LNG=`-75' PARM1=`-73.5' PROJ=`TM' QUAD=`1' SCL_RED=`0.9999' SOURCE=`EPSG, V6.11.2, 2950 [Topographic Mapping Section; Quebec Min]' UNIT=`Meter' X_OFF=`304800' ZERO_X=`0.001' ZERO_Y=`0.001'
2024-03-06 15:41:22| 102.3|  0.0|INFORM|Router and Unexpected Input Remover: Splitting bulk features into individual features
2024-03-06 15:41:22| 102.3|  0.0|INFORM|Creating reader for format: Esri Shapefile
2024-03-06 15:41:22| 102.3|  0.0|INFORM|Trying to find a DYNAMIC plugin for reader named `SHAPEFILE'
2024-03-06 15:41:22| 102.3|  0.0|INFORM|SHAPEFILE reader: Opening dataset 'C:\Users\aj791100\AppData\Local\Temp\wbrun_1709757536970_22868\fmetmp_0\TempFS_1709757570393_22208\dsSHAPEFILE_1_3\hydrographie-2020.zip_0\CARTO_DRA_EAU_JOUR.shp'
2024-03-06 15:41:22| 102.3|  0.0|INFORM|Shapefile reader: Reading dataset with encoding 'UTF-8' as determined by 'Codepage File'
2024-03-06 15:41:22| 102.3|  0.0|INFORM|FME Configuration: Source coordinate system for reader SHAPEFILE_1[SHAPEFILE] set to `CSRS.MTM-8' as read from input data
2024-03-06 15:41:22| 102.3|  0.0|INFORM|Coordinate System `CSRS.MTM-8' parameters: CS_NAME=`CSRS.MTM-8' DESC_NM=`NAD83(CSRS) / MTM zone 8' DT_NAME=`CSRS' EPSG_QD=`1' GROUP=`CANADA' MAP_SCL=`1' MAX_LAT=`62.559999999999995' MAX_LNG=`-72' MIN_LAT=`44.99' MIN_LNG=`-75' PARM1=`-73.5' PROJ=`TM' QUAD=`1' SCL_RED=`0.9999' SOURCE=`EPSG, V6.11.2, 2950 [Topographic Mapping Section; Quebec Min]' UNIT=`Meter' X_OFF=`304800' ZERO_X=`0.001' ZERO_Y=`0.001'
2024-03-06 15:41:22| 102.3|  0.0|INFORM|CARTO_DRA_EAU_JOUR Feature Recorder -1 2147549502 (RecorderFactory): Splitting bulk features into individual features
2024-03-06 15:41:22| 102.4|  0.1|INFORM|CS-MAP Reprojector: Transformation will be automatically selected for 'CSRS.MTM-8' -> 'EPSG:3857', and is not guaranteed to remain the same in future releases of FME
2024-03-06 15:41:22| 102.4|  0.0|WARN  |CS-MAP: CSRS :: Referenced grid file does not exist or cannot be opened for reading.
2024-03-06 15:41:22| 102.4|  0.0|WARN  |CS-MAP Reprojector: No transformation found to get from '%0 (%1)' to '%2 (%3)'.  Add CsmapReprojector transformers with explicitly chosen transformations
2024-03-06 15:41:22| 102.4|  0.0|STATS |Storing feature(s) to FME feature store file `D:\Marco\TP1_MALevesque\TP2 - EHD MAL\Fichiers TP2\Fichier FME\TP2 - EHD MAL_log.ffs'
2024-03-06 15:41:22| 102.4|  0.0|ERROR |+++++++++++++++++++++++++++++++++++++++++++++++++++++++++++++++++++++++++++
2024-03-06 15:41:22| 102.4|  0.0|ERROR |Feature Type: `Reprojector_10_REPROJECTED'
2024-03-06 15:41:22| 102.4|  0.0|ERROR |Attribute(string: UTF-8)           : `DIFFUSEUR' has value `Division de la géomatique, Ville de Montréal'
2024-03-06 15:41:22| 102.4|  0.0|ERROR |Attribute(string: UTF-8)           : `EQM' has value `Plani : ± 30 à ± 40 cm, Alti : n/a'
2024-03-06 15:41:22| 102.4|  0.0|ERROR |Attribute(string: UTF-8)           : `SOURCE' has value `Photo aérienne 2020, CMM'
2024-03-06 15:41:22| 102.4|  0.0|ERROR |Attribute(string: UTF-8)           : `TOPONYME' has value `Lac de l'Île Notre-Dame'
2024-03-06 15:41:22| 102.4|  0.0|ERROR |Attribute(string: UTF-8)           : `TRAITEMENT' has value `Photogrammétrie (stéréo)'
2024-03-06 15:41:22| 102.4|  0.0|ERROR |Attribute(32 bit integer)          : `VERSION' has value `1'
2024-03-06 15:41:22| 102.4|  0.0|ERROR |Attribute(string: UTF-8)           : `_area' has value `120568.4979542526'
2024-03-06 15:41:22| 102.4|  0.0|ERROR |Attribute(string: UTF-8)           : `fme_feature_type' has value `CARTO_DRA_EAU_JOUR'
2024-03-06 15:41:22| 102.4|  0.0|ERROR |Attribute(string: UTF-8)           : `fme_geometry' has value `fme_donut'
2024-03-06 15:41:22| 102.4|  0.0|ERROR |Attribute(entangled: string: UTF-8): `fme_type' has value `fme_area'
2024-03-06 15:41:22| 102.4|  0.0|ERROR |          entangled to shapefile_type
2024-03-06 15:41:22| 102.4|  0.0|ERROR |Attribute(string: UTF-8)           : `multi_reader_full_id' has value `2.2'
2024-03-06 15:41:22| 102.4|  0.0|ERROR |Attribute(32 bit integer)          : `multi_reader_id' has value `2'
2024-03-06 15:41:22| 102.4|  0.0|ERROR |Attribute(string: UTF-8)           : `multi_reader_keyword' has value `SHAPEFILE_1'
2024-03-06 15:41:22| 102.4|  0.0|ERROR |Attribute(string: UTF-8)           : `multi_reader_type' has value `SHAPEFILE'
2024-03-06 15:41:22| 102.4|  0.0|ERROR |Attribute(string: UTF-8)           : `shapefile_type' has value `shapefile_polygon'
2024-03-06 15:41:22| 102.4|  0.0|ERROR |Coordinate System: `CSRS.MTM-8'
2024-03-06 15:41:22| 102.4|  0.0|ERROR |Geometry Type: IFMEDonut
2024-03-06 15:41:22| 102.4|  0.0|ERROR |Name(UTF-8): `shapefile'
2024-03-06 15:41:22| 102.4|  0.0|ERROR |Outer Boundary:
2024-03-06 15:41:22| 102.4|  0.0|ERROR |   Geometry Type: IFMEPolygon
2024-03-06 15:41:22| 102.4|  0.0|ERROR |   Boundary:
2024-03-06 15:41:22| 102.4|  0.0|ERROR |      Geometry Type: IFMELine
2024-03-06 15:41:22| 102.4|  0.0|ERROR |      Number of Coordinates: 1128 -- Coordinate Dimension: 2
2024-03-06 15:41:22| 102.4|  0.0|ERROR |      (302702.147,5040259.907000001)(302700.50600000005,5040260.797)(302698.864,5040261.427000001)(302697.58600000007,5040261.897000001)(302696.852,5040262.377000001)
2024-03-06 15:41:22| 102.4|  0.0|ERROR |      (302695.837,5040263.047)(302694.77300000004,5040263.577000001)(302693.47000000003,5040264.207000001)(302692.348,5040264.577000001)(302691.2590000001,5040264.757)
2024-03-06 15:41:22| 102.4|  0.0|ERROR |      ...Skipping coordinates...
2024-03-06 15:41:22| 102.4|  0.0|ERROR |      (302711.814,5040251.906)(302710.9810000001,5040252.886000001)
2024-03-06 15:41:22| 102.4|  0.0|ERROR |      (302709.89200000005,5040253.956)(302708.8610000001,5040254.706)(302707.723,5040255.686000001)(302706.6010000001,5040256.566000001)(302705.5460000001,5040257.556000002)
2024-03-06 15:41:22| 102.4|  0.0|ERROR |      (302704.49000000005,5040258.407000001)(302703.10400000005,5040259.407000001)(302702.147,5040259.907000001)
2024-03-06 15:41:22| 102.4|  0.0|ERROR |--------------------------------------
2024-03-06 15:41:22| 102.4|  0.0|ERROR |Number of Inner Boundaries: 2
2024-03-06 15:41:22| 102.4|  0.0|ERROR |--------------------------------------
2024-03-06 15:41:22| 102.4|  0.0|ERROR |Inner Boundary Number: 0
2024-03-06 15:41:22| 102.4|  0.0|ERROR |   Geometry Type: IFMEPolygon
2024-03-06 15:41:22| 102.4|  0.0|ERROR |   Boundary:
2024-03-06 15:41:22| 102.4|  0.0|ERROR |      Geometry Type: IFMELine
2024-03-06 15:41:22| 102.4|  0.0|ERROR |      Number of Coordinates: 13 -- Coordinate Dimension: 2
2024-03-06 15:41:22| 102.4|  0.0|ERROR |      (302736.3887947582,5040499.941240917)(302736.43333103,5040488.780083826)(302780.15738622425,5040487.3297402235)(302795.43600000005,5040486.609000001)(302796.7800000001,5040521.752000001)
2024-03-06 15:41:22| 102.4|  0.0|ERROR |      (302797.52300000004,5040545.754000001)(302778.03200000006,5040546.4240000015)(302754.23500000004,5040547.274)(302738.34900000005,5040547.6740000015)(302738.07802849816,5040536.316307821)
2024-03-06 15:41:22| 102.4|  0.0|ERROR |      (302730.3336352339,5040536.391842636)(302729.0292364409,5040500.152807852)(302736.3887947582,5040499.941240917)
2024-03-06 15:41:22| 102.4|  0.0|ERROR |--------------------------------------
2024-03-06 15:41:22| 102.4|  0.0|ERROR |Inner Boundary Number: 1
2024-03-06 15:41:22| 102.4|  0.0|ERROR |   Geometry Type: IFMEPolygon
2024-03-06 15:41:22| 102.4|  0.0|ERROR |   Boundary:
2024-03-06 15:41:22| 102.4|  0.0|ERROR |      Geometry Type: IFMELine
2024-03-06 15:41:22| 102.4|  0.0|ERROR |      Number of Coordinates: 368 -- Coordinate Dimension: 2
2024-03-06 15:41:22| 102.4|  0.0|ERROR |      (302781.59500000003,5041140.632)(302782.667,5041145.942000002)(302783.67400000006,5041151.933)(302785.233,5041158.2530000005)(302786.684,5041163.964000001)
2024-03-06 15:41:22| 102.4|  0.0|ERROR |      (302787.58300000004,5041167.454000001)(302787.72400000005,5041170.665)(302787.27800000005,5041173.445)(302786.5520000001,5041175.295000002)(302781.27300000004,5041187.226000001)
2024-03-06 15:41:22| 102.4|  0.0|ERROR |      ...Skipping coordinates...
2024-03-06 15:41:22| 102.4|  0.0|ERROR |      (302771.0120000001,5041116.589000001)(302771.9280000001,5041118.430000001)
2024-03-06 15:41:22| 102.4|  0.0|ERROR |      (302774.0890000001,5041118.680000001)(302775.5900000001,5041118.96)(302777.14900000003,5041121.100000001)(302778.24600000004,5041124.100000001)(302779.0550000001,5041127.82)
2024-03-06 15:41:22| 102.4|  0.0|ERROR |      (302779.987,5041132.4010000015)(302780.79500000004,5041136.471000001)(302781.59500000003,5041140.632)
2024-03-06 15:41:22| 102.4|  0.0|ERROR |===========================================================================
2024-03-06 15:41:22| 102.4|  0.0|ERROR |Reprojector_10 (TeeFactory): Reprojector_10: Reproject: Could not reproject the geometry of the preceding feature: CS-Map Reprojector: Unable to load grid file for 'NAD83_to_CSRS'. CS-Map Reprojector: This grid may either be available at the government agency applicable to the geographical area or in the FME Reprojection Grid Add-on at:. http://www.safe.com/support/support-resources/fme-downloads/ or http://www.safe.com/support/support-resources/fme-downloads/beta/. CS-MAP Reprojector: Please visit following link for more information on obtaining Canadian grid files: https://community.safe.com/s/article/where-to-source-canadian-grid-shift-files-not-incl. CS-MAP Reprojector: No transformation found to get from 'CSRS.MTM-8 (CSRS)' to 'EPSG:3857 (WGS84_SPHERICAL)'.  Add CsmapReprojector transformers with explicitly chosen transformations
2024-03-06 15:41:26| 105.6|  3.2|WARN  |An error has occurred. Check the logfile above for details
2024-03-06 15:41:26| 105.6|  0.0|INFORM|Translation FAILED with 2 error(s) and 3 warning(s) (72 feature(s) output)
2024-03-06 15:41:26| 105.6|  0.0|STATS |Stored 1 feature(s) to FME feature store file `D:\Marco\TP1_MALevesque\TP2 - EHD MAL\Fichiers TP2\Fichier FME\TP2 - EHD MAL_log.ffs'
2024-03-06 15:41:26| 105.6|  0.0|INFORM|FME Session Duration: 1 minute 55.8 seconds. (CPU: 96.6s user, 9.0s system)
2024-03-06 15:41:26| 105.6|  0.0|INFORM|END - ProcessID: 22208, peak process memory usage: 1602792 kB, current process memory usage: 186808 kB
